c:\users\hp\documents\visual studio 2015\projects\radsim\radsim\debug\radsim.pch
c:\users\hp\documents\visual studio 2015\projects\radsim\radsim\debug\vc140.pdb
c:\users\hp\documents\visual studio 2015\projects\radsim\radsim\debug\vc140.idb
c:\users\hp\documents\visual studio 2015\projects\radsim\radsim\debug\stdafx.obj
c:\users\hp\documents\visual studio 2015\projects\radsim\radsim\debug\dlgmonitor.obj
c:\users\hp\documents\visual studio 2015\projects\radsim\radsim\debug\dlgtrackinfo.obj
c:\users\hp\documents\visual studio 2015\projects\radsim\radsim\debug\dlgsess.obj
c:\users\hp\documents\visual studio 2015\projects\radsim\radsim\debug\c_listen.obj
c:\users\hp\documents\visual studio 2015\projects\radsim\radsim\debug\dlgtrack.obj
c:\users\hp\documents\visual studio 2015\projects\radsim\radsim\debug\radsim.obj
c:\users\hp\documents\visual studio 2015\projects\radsim\radsim\debug\radsimdlg.obj
c:\users\hp\documents\visual studio 2015\projects\radsim\radsim\debug\c2_session.obj
c:\users\hp\documents\visual studio 2015\projects\radsim\debug\radsim.ilk
c:\users\hp\documents\visual studio 2015\projects\radsim\debug\radsim.exe
c:\users\hp\documents\visual studio 2015\projects\radsim\debug\radsim.pdb
c:\users\hp\documents\visual studio 2015\projects\radsim\radsim\debug\radsim.res
c:\users\hp\documents\visual studio 2015\projects\radsim\radsim\debug\radsim.tlog\cl.command.1.tlog
c:\users\hp\documents\visual studio 2015\projects\radsim\radsim\debug\radsim.tlog\cl.read.1.tlog
c:\users\hp\documents\visual studio 2015\projects\radsim\radsim\debug\radsim.tlog\cl.write.1.tlog
c:\users\hp\documents\visual studio 2015\projects\radsim\radsim\debug\radsim.tlog\link.command.1.tlog
c:\users\hp\documents\visual studio 2015\projects\radsim\radsim\debug\radsim.tlog\link.read.1.tlog
c:\users\hp\documents\visual studio 2015\projects\radsim\radsim\debug\radsim.tlog\link.write.1.tlog
c:\users\hp\documents\visual studio 2015\projects\radsim\radsim\debug\radsim.tlog\rc.command.1.tlog
c:\users\hp\documents\visual studio 2015\projects\radsim\radsim\debug\radsim.tlog\rc.read.1.tlog
c:\users\hp\documents\visual studio 2015\projects\radsim\radsim\debug\radsim.tlog\rc.write.1.tlog
